<?xml version="1.0" encoding="UTF-8"?>
<!-- Generated by org.testng.reporters.JUnitXMLReporter -->
<testsuite ignored="0" hostname="Abduls-MBP" failures="0" tests="6" name="Test" time="0.054" errors="0" timestamp="2023-03-03T22:59:37 EST">
  <testcase classname="com.basithenterprise.mavenTest.MavenjavaTest" name="tesla" time="0.006"/>
  <testcase classname="com.basithenterprise.mavenTest.MavenjavaTest" name="toyota" time="0.001"/>
  <testcase classname="com.basithenterprise.mavenTest.ApachiJavaTest" name="tesla" time="0.001"/>
  <testcase classname="com.basithenterprise.mavenTest.ApachiJavaTest" name="toyota" time="0.001"/>
  <testcase classname="com.basithenterprise.mavenTest.SeleniumjavaTest" name="tesla" time="0.001"/>
  <testcase classname="com.basithenterprise.mavenTest.SeleniumjavaTest" name="toyota" time="0.002"/>
</testsuite> <!-- Test -->
