<?xml version="1.0" encoding="UTF-8"?>
<!-- Generated by org.testng.reporters.JUnitXMLReporter -->
<testsuite ignored="0" hostname="Abduls-MBP" failures="0" tests="3" name="PositiveTest" time="17.108" errors="0" timestamp="2023-02-15T08:43:37 EST">
  <testcase classname="swagLabsPagesTests.SwagLabsPositiveTest" name="applicationLaunch" time="0.487"/>
  <testcase classname="swagLabsPagesTests.SwagLabsPositiveTest" name="productsSelect" time="2.943"/>
  <testcase classname="swagLabsPagesTests.SwagLabsPositiveTest" name="shoppingBagItems" time="2.827"/>
</testsuite> <!-- PositiveTest -->
