<?xml version="1.0" encoding="UTF-8"?>
<!-- Generated by org.testng.reporters.JUnitXMLReporter -->
<testsuite ignored="0" hostname="Abduls-MBP" failures="0" tests="3" name="Practice" time="0.02" errors="0" timestamp="2023-01-04T10:26:21 EST">
  <testcase classname="basith301.SeleniumFramework.AppTest" name="shouldAnswerWithTrue" time="0.005"/>
  <testcase classname="basith301.SeleniumFramework.Streams" name="streamTest" time="0.0"/>
  <testcase classname="basith301.SeleniumFramework.Streams" name="test1" time="0.0"/>
</testsuite> <!-- Practice -->
