<?xml version="1.0" encoding="UTF-8"?>
<!-- Generated by org.testng.reporters.JUnitXMLReporter -->
<testsuite ignored="0" hostname="Abduls-MBP" failures="0" tests="3" name="Test" time="0.019" errors="0" timestamp="2023-01-04T10:23:01 EST">
  <testcase classname="basith301.SeleniumFramework.AppTest" name="shouldAnswerWithTrue" time="0.006"/>
  <testcase classname="basith301.SeleniumFramework.Streams" name="streamTest" time="0.001"/>
  <testcase classname="basith301.SeleniumFramework.Streams" name="test1" time="0.0"/>
</testsuite> <!-- Test -->
