<?xml version="1.0" encoding="UTF-8"?>
<testng-results ignored="0" total="2" passed="2" failed="0" skipped="0">
  <reporter-output>
  </reporter-output>
  <suite started-at="2023-03-03T15:39:05 EST" name="Default suite" finished-at="2023-03-03T15:39:30 EST" duration-ms="25409">
    <groups>
    </groups>
    <test started-at="2023-03-03T15:39:05 EST" name="Default test" finished-at="2023-03-03T15:39:30 EST" duration-ms="25409">
      <class name="Academy.HomePage">
        <test-method is-config="true" signature="initialize()[pri:0, instance:Academy.HomePage@6273c5a4]" started-at="2023-03-03T15:39:05 EST" name="initialize" finished-at="2023-03-03T15:39:12 EST" duration-ms="7139" status="PASS">
          <reporter-output>
          </reporter-output>
        </test-method> <!-- initialize -->
        <test-method signature="basePageNavigation(java.lang.String,java.lang.String,java.lang.String)[pri:0, instance:Academy.HomePage@6273c5a4]" started-at="2023-03-03T15:39:12 EST" name="basePageNavigation" data-provider="getData" finished-at="2023-03-03T15:39:23 EST" duration-ms="10952" status="PASS">
          <params>
            <param index="0">
              <value>
                <![CDATA[nonrestricteduser@qw.com]]>
              </value>
            </param>
            <param index="1">
              <value>
                <![CDATA[123456]]>
              </value>
            </param>
            <param index="2">
              <value>
                <![CDATA[Restrcited User]]>
              </value>
            </param>
          </params>
          <reporter-output>
          </reporter-output>
        </test-method> <!-- basePageNavigation -->
        <test-method signature="basePageNavigation(java.lang.String,java.lang.String,java.lang.String)[pri:0, instance:Academy.HomePage@6273c5a4]" started-at="2023-03-03T15:39:23 EST" name="basePageNavigation" data-provider="getData" finished-at="2023-03-03T15:39:30 EST" duration-ms="7145" status="PASS">
          <params>
            <param index="0">
              <value>
                <![CDATA[restricteduser@qw.com]]>
              </value>
            </param>
            <param index="1">
              <value>
                <![CDATA[456788]]>
              </value>
            </param>
            <param index="2">
              <value>
                <![CDATA[Non restricted user]]>
              </value>
            </param>
          </params>
          <reporter-output>
          </reporter-output>
        </test-method> <!-- basePageNavigation -->
        <test-method is-config="true" signature="teardown()[pri:0, instance:Academy.HomePage@6273c5a4]" started-at="2023-03-03T15:39:30 EST" name="teardown" finished-at="2023-03-03T15:39:30 EST" duration-ms="138" status="PASS">
          <reporter-output>
          </reporter-output>
        </test-method> <!-- teardown -->
      </class> <!-- Academy.HomePage -->
    </test> <!-- Default test -->
  </suite> <!-- Default suite -->
</testng-results>
