<?xml version="1.0" encoding="UTF-8"?>
<!-- Generated by org.testng.reporters.JUnitXMLReporter -->
<testsuite ignored="4" hostname="Abduls-MBP" failures="0" tests="14" name="Command line test" time="186.92" errors="0" timestamp="2021-08-07T22:43:31 EDT">
  <testcase classname="Ups.TestUPS" name="Upslogin" time="15.105"/>
  <testcase classname="Usps.uspsTest" name="login" time="5.797"/>
  <testcase classname="OrangeHRA.MyTest" name="testDirectoryPage" time="8.557"/>
  <testcase classname="OrangeHRA.MyTest" name="testHraLoginPage" time="5.624"/>
  <testcase classname="OrangeHRA.MyTest" name="testHraPimPage" time="6.816"/>
  <testcase classname="OrangeHRA.MyTest" name="testMaintenancePage" time="9.187"/>
  <testcase classname="OrangeHRA.TestArrays" name="acctionTest" time="16.05"/>
  <testcase classname="OrangeHRA.TestArrays" name="allAdmin" time="7.898"/>
  <testcase classname="OrangeHRA.TestArrays" name="hra" time="7.753"/>
  <testcase classname="OrangeHRA.TestArrays" name="scope" time="9.832"/>
  <testcase classname="OrangeHRA.Test1" name="firstTest" time="5.493"/>
  <testcase classname="OrangeHRA.Test1" name="forthTest" time="3.942"/>
  <testcase classname="OrangeHRA.Test1" name="secondTest" time="4.616"/>
  <testcase classname="OrangeHRA.Test1" name="thirdTest" time="3.865"/>
  <testcase classname="OrangeHRABase.BaseClass" name="@AfterSuite afterSuite" time="0.0">
    <ignored/>
  </testcase> <!-- @AfterSuite afterSuite -->
  <testcase classname="OrangeHRABase.BaseClass" name="@BeforeTest beforeTest" time="0.0">
    <ignored/>
  </testcase> <!-- @BeforeTest beforeTest -->
  <testcase classname="OrangeHRABase.BaseClass" name="@AfterTest afterTest" time="0.0">
    <ignored/>
  </testcase> <!-- @AfterTest afterTest -->
  <testcase classname="OrangeHRABase.BaseClass" name="@BeforeSuite beforeSuite" time="0.0">
    <ignored/>
  </testcase> <!-- @BeforeSuite beforeSuite -->
</testsuite> <!-- Command line test -->
