<?xml version="1.0" encoding="UTF-8"?>
<!-- Generated by org.testng.reporters.JUnitXMLReporter -->
<testsuite ignored="2" hostname="Abduls-MBP" failures="0" tests="0" time="0.0" errors="0" timestamp="2023-03-03T09:38:56 EST">
  <testcase classname="swagLabsPagesTests.SwagLabsPositiveTest" name="productsSelect" time="0.0">
    <ignored/>
  </testcase> <!-- productsSelect -->
  <testcase classname="swagLabsPagesTests.SwagLabsPositiveTest" name="applicationLaunch" time="0.0">
    <ignored/>
  </testcase> <!-- applicationLaunch -->
</testsuite>
