<?xml version="1.0" encoding="UTF-8"?>
<testng-results ignored="0" total="1" passed="1" failed="0" skipped="0">
  <reporter-output>
  </reporter-output>
  <suite started-at="2021-11-20T21:55:32 EST" name="Ebay" finished-at="2021-11-20T21:56:00 EST" duration-ms="28590">
    <groups>
    </groups>
    <test started-at="2021-11-20T21:55:32 EST" name="Test" finished-at="2021-11-20T21:56:00 EST" duration-ms="28590">
      <class name="ebayTest.ebayPageTest">
        <test-method is-config="true" signature="beforeSuite()[pri:0, instance:ebayTest.ebayPageTest@cd3fee8]" started-at="2021-11-20T21:55:32 EST" name="beforeSuite" finished-at="2021-11-20T21:55:32 EST" duration-ms="4" status="PASS">
          <reporter-output>
          </reporter-output>
        </test-method> <!-- beforeSuite -->
        <test-method is-config="true" signature="beforeTest()[pri:0, instance:ebayTest.ebayPageTest@cd3fee8]" started-at="2021-11-20T21:55:32 EST" name="beforeTest" finished-at="2021-11-20T21:55:32 EST" duration-ms="1" status="PASS">
          <reporter-output>
          </reporter-output>
        </test-method> <!-- beforeTest -->
        <test-method is-config="true" signature="beforeClass()[pri:0, instance:ebayTest.ebayPageTest@cd3fee8]" started-at="2021-11-20T21:55:32 EST" name="beforeClass" finished-at="2021-11-20T21:55:32 EST" duration-ms="0" status="PASS">
          <reporter-output>
          </reporter-output>
        </test-method> <!-- beforeClass -->
        <test-method is-config="true" signature="beforeMethod()[pri:0, instance:ebayTest.ebayPageTest@cd3fee8]" started-at="2021-11-20T21:55:32 EST" name="beforeMethod" finished-at="2021-11-20T21:55:40 EST" duration-ms="8677" status="PASS">
          <reporter-output>
          </reporter-output>
        </test-method> <!-- beforeMethod -->
        <test-method signature="ebaySearchTest()[pri:0, instance:ebayTest.ebayPageTest@cd3fee8]" started-at="2021-11-20T21:55:40 EST" name="ebaySearchTest" finished-at="2021-11-20T21:56:00 EST" duration-ms="19896" status="PASS">
          <reporter-output>
          </reporter-output>
        </test-method> <!-- ebaySearchTest -->
        <test-method is-config="true" signature="afterMethod()[pri:0, instance:ebayTest.ebayPageTest@cd3fee8]" started-at="2021-11-20T21:56:00 EST" name="afterMethod" finished-at="2021-11-20T21:56:00 EST" duration-ms="0" status="PASS">
          <reporter-output>
          </reporter-output>
        </test-method> <!-- afterMethod -->
        <test-method is-config="true" signature="afterClass()[pri:0, instance:ebayTest.ebayPageTest@cd3fee8]" started-at="2021-11-20T21:56:00 EST" name="afterClass" finished-at="2021-11-20T21:56:00 EST" duration-ms="0" status="PASS">
          <reporter-output>
          </reporter-output>
        </test-method> <!-- afterClass -->
        <test-method is-config="true" signature="afterTest()[pri:0, instance:ebayTest.ebayPageTest@cd3fee8]" started-at="2021-11-20T21:56:00 EST" name="afterTest" finished-at="2021-11-20T21:56:00 EST" duration-ms="0" status="PASS">
          <reporter-output>
          </reporter-output>
        </test-method> <!-- afterTest -->
        <test-method is-config="true" signature="afterSuite()[pri:0, instance:ebayTest.ebayPageTest@cd3fee8]" started-at="2021-11-20T21:56:00 EST" name="afterSuite" finished-at="2021-11-20T21:56:00 EST" duration-ms="0" status="PASS">
          <reporter-output>
          </reporter-output>
        </test-method> <!-- afterSuite -->
      </class> <!-- ebayTest.ebayPageTest -->
    </test> <!-- Test -->
  </suite> <!-- Ebay -->
</testng-results>
