<?xml version="1.0" encoding="UTF-8"?>
<!-- Generated by org.testng.reporters.JUnitXMLReporter -->
<testsuite ignored="0" hostname="Abduls-MBP" failures="0" tests="3" name="OrderPageTest" time="58.363" errors="0" timestamp="2023-03-05T10:51:09 EST">
  <testcase classname="basith301PageTest.OrderSubmitPageTest" name="submitOrder" time="14.741"/>
  <testcase classname="basith301PageTest.OrderSubmitPageTest" name="submitOrder" time="7.098"/>
  <testcase classname="basith301PageTest.OrderSubmitPageTest" name="submitOrder2" time="7.234"/>
</testsuite> <!-- OrderPageTest -->
