<?xml version="1.0" encoding="UTF-8"?>
<!-- Generated by org.testng.reporters.JUnitXMLReporter -->
<testsuite ignored="0" hostname="Abduls-MBP" failures="1" tests="1" name="Validating title in the Page" time="6.499" errors="0" timestamp="2021-11-01T00:03:33 EDT">
  <testcase classname="Academy.validateTitle" name="validateAppTitle" time="0.07">
    <failure type="java.lang.AssertionError" message="expected [FEATURED CO123URSES] but found [FEATURED COURSES]">
      <![CDATA[java.lang.AssertionError: expected [FEATURED CO123URSES] but found [FEATURED COURSES]
at Academy.validateTitle.validateAppTitle(validateTitle.java:43)
at java.base/java.util.ArrayList.forEach(ArrayList.java:1511)
... Removed 33 stack frames]]>
    </failure>
  </testcase> <!-- validateAppTitle -->
</testsuite> <!-- Validating title in the Page -->
