<?xml version="1.0" encoding="UTF-8"?>
<!-- Generated by org.testng.reporters.JUnitXMLReporter -->
<testsuite ignored="0" hostname="Abduls-MBP" failures="0" tests="2" name="ErrorValidation Test" time="9.195" errors="0" timestamp="2023-02-20T14:46:21 EST">
  <testcase classname="swagLabsPagesTests.ErrorValidationsTest" name="loginErrorValidation" time="0.487"/>
  <testcase classname="swagLabsPagesTests.ErrorValidationsTest" name="productErrorValidation" time="0.92"/>
</testsuite> <!-- ErrorValidation Test -->
