<?xml version="1.0" encoding="UTF-8"?>
<!-- Generated by org.testng.reporters.JUnitXMLReporter -->
<testsuite ignored="0" hostname="Abduls-MBP" failures="0" tests="4" name="NegativeTest" time="24.507" errors="0" timestamp="2023-02-24T20:53:53 EST">
  <testcase classname="swagLabsPagesTests.SwagLabsNegativeTest" name="userTest" time="0.729"/>
  <testcase classname="swagLabsPagesTests.SwagLabsNegativeTest" name="userTest" time="0.594"/>
  <testcase classname="swagLabsPagesTests.SwagLabsNegativeTest" name="userTest" time="0.385"/>
  <testcase classname="swagLabsPagesTests.SwagLabsNegativeTest" name="userTest" time="5.405"/>
</testsuite> <!-- NegativeTest -->
