<?xml version="1.0" encoding="UTF-8"?>
<!-- Generated by org.testng.reporters.JUnitXMLReporter -->
<testsuite ignored="0" hostname="Abduls-MBP" failures="0" tests="11" name="Test" time="47.609" errors="0" timestamp="2023-02-23T10:37:42 EST">
  <testcase classname="swagLabsPagesTests.SwagLabsNegativeTest" name="userTest" time="0.418"/>
  <testcase classname="swagLabsPagesTests.SwagLabsNegativeTest" name="userTest" time="0.365"/>
  <testcase classname="swagLabsPagesTests.SwagLabsNegativeTest" name="userTest" time="0.365"/>
  <testcase classname="swagLabsPagesTests.SwagLabsNegativeTest" name="userTest" time="5.393"/>
  <testcase classname="swagLabsPagesTests.SwagLabsStandAlonPracticeTest" name="submitOrder" time="1.683"/>
  <testcase classname="swagLabsPagesTests.SwagLabsStandAlonPracticeTest" name="submitOrder" time="1.624"/>
  <testcase classname="swagLabsPagesTests.SwagLabsStandAlonPracticeTest" name="orderHistory" time="0.905"/>
  <testcase classname="swagLabsPagesTests.ErrorValidationsTest" name="loginErrorValidation" time="0.395"/>
  <testcase classname="swagLabsPagesTests.ErrorValidationsTest" name="productErrorValidation" time="0.841"/>
  <testcase classname="swagLabsPagesTests.SwagLabsPositiveTest" name="applicationLaunch" time="0.386"/>
  <testcase classname="swagLabsPagesTests.SwagLabsPositiveTest" name="productsSelect" time="0.731"/>
</testsuite> <!-- Test -->
