<?xml version="1.0" encoding="UTF-8"?>
<!-- Generated by org.testng.reporters.JUnitXMLReporter -->
<testsuite ignored="0" hostname="Abduls-MBP" failures="0" tests="1" name="Test" time="0.063" errors="0" timestamp="2021-11-17T23:07:21 EST">
  <testcase classname="sauce.demo.SauceTest" name="@BeforeTest beforeTest" time="0.006">
    <failure type="java.lang.NullPointerException">
      <![CDATA[java.lang.NullPointerException
at resources.SauceBase.getBrowser(SauceBase.java:31)
at sauce.demo.SauceTest.beforeTest(SauceTest.java:64)
... Removed 24 stack frames]]>
    </failure>
  </testcase> <!-- @BeforeTest beforeTest -->
  <testcase classname="sauce.demo.SauceTest" name="@AfterTest afterTest" time="-1.637208441156E9">
    <skipped/>
  </testcase> <!-- @AfterTest afterTest -->
  <testcase classname="sauce.demo.SauceTest" name="homePageTest" time="0.0">
    <skipped/>
  </testcase> <!-- homePageTest -->
</testsuite> <!-- Test -->
