<?xml version="1.0" encoding="UTF-8"?>
<!-- Generated by org.testng.reporters.JUnitXMLReporter -->
<testsuite ignored="0" hostname="Abduls-MBP" failures="0" tests="3" name="OrderSubmitPageTest" time="52.373" errors="0" timestamp="2023-01-17T16:20:27 EST">
  <testcase classname="basith301PageTest.OrderSubmitPageTest" name="submitOrder" time="6.151"/>
  <testcase classname="basith301PageTest.OrderSubmitPageTest" name="submitOrder" time="6.0"/>
  <testcase classname="basith301PageTest.OrderSubmitPageTest" name="submitOrder2" time="6.04"/>
</testsuite> <!-- OrderSubmitPageTest -->
