<?xml version="1.0" encoding="UTF-8"?>
<!-- Generated by org.testng.reporters.JUnitXMLReporter -->
<testsuite ignored="0" hostname="Abduls-MBP" failures="0" tests="6" name="Test" time="85.337" errors="0" timestamp="2023-01-27T23:05:19 EST">
  <testcase classname="basith301PageTest.ExtentReport" name="shoping" time="16.132"/>
  <testcase classname="basith301PageTest.ErrorLoginPageTest" name="loginError" time="1.598"/>
  <testcase classname="basith301PageTest.ErrorLoginPageTest" name="secondLoginError" time="0.608"/>
  <testcase classname="basith301PageTest.OrderSubmitPageTest" name="submitOrder" time="6.684"/>
  <testcase classname="basith301PageTest.OrderSubmitPageTest" name="submitOrder" time="6.344"/>
  <testcase classname="basith301PageTest.OrderSubmitPageTest" name="submitOrder2" time="6.708"/>
</testsuite> <!-- Test -->
