<?xml version="1.0" encoding="UTF-8"?>
<testsuite xmlns:xsi="http://www.w3.org/2001/XMLSchema-instance" xsi:noNamespaceSchemaLocation="https://maven.apache.org/surefire/maven-surefire-plugin/xsd/surefire-test-report-3.0.xsd" version="3.0" name="TestSuite" time="22.948" tests="11" errors="0" skipped="0" failures="0">
  <properties>
[...]
</properties>
  <testcase name="applicationLaunch" classname="swagLabsPagesTests.SwagLabsPositiveTest" time="0.129">
    <system-err><![CDATA[111166766777787855750573083588857073448337		54g3eg	cgkeodcrkiov50d3r8i7v4e3r		egIeNccFkkOoo	ddLririisvevteeerrrn		i	INIFNOFn	INLOgi	 sLotine sn1Fti2e7nn.gi0 n.oOg0n . o11n:2 	271.03.109L.
i1s:2te7n2.i00n9g.3 05o.
n1 :122277.207.
0.1:2791
1677855038892	mozrunner::ru11n66n77e77r88	5IN5F510O	63R78u785n890n523i5	8n0m8g3o9 8z2c8	o9mr3mounzmannd:	e r"/mrAupp:loin:carzutninonreer	INruFO	:nRu:nnninerg corumman:ndnnse:/Friur	rnen:IfeN orFOx	"R	u.n/InainNgAp cFpopmmO/pand:	lC "/RoAipplnuiccatationnts/neiFinirenfogot nscos/Mxa/cO.Sa/firpefoxp-bin"/ "--Cmarioonettne" "t--reemoFte-diebuggring-peort" f"3325o" "--xre .... a/n/[:p:t1]p:3s3m/ma2/5/C"o nn"t-efnotrsed/gMraocunO:dM"a "c-OnSo/-friermeoftoex"- b"i-np"r o f"i-l-em"a "r"io/nvae/rtt/fe"oA l"d-e-rprse/mcoltpe/-s9dtlexbhu2jgxgii6bnxg-0pjco2rntr"ca p"9r631tm6n8c000"0gn/T/ru st_mo"zprof-ilSe-ViJ/rWoPneKn"
 fsir.e/fo.xF-bi.in"  "r--/meariofn/etteo[" "x:--rem.o:te-d1aebugg]ping-p:port" /"649351"C on6"t8-e/-n"rt es" /-.Mf.ao.cr Oe/gS/r/[of:ui:nr1de]"f: o4x"9--3bn5io/n-""r  "e"m--of-tormeegariron"eotte " "u--rne"motde--d"epbug grin"go-po-rft"n i"4o3l20-1e" r"-"-er  ..m." /o[/::t1v]:4e3201/"a" "-for reg"round-" "-pno-rermoteo" /"-pfroofile" "/var/folders/cl/s9txh2jx6bx0j2nrcp9r3mnc0000gn/T/rust_mozprofileiiHt8H"
lders/cl/s9txh2jx6bx0j2nrcp9r3mnc0000gn/T/rusfile" "/tv_amro/zfporlodfeirlse/Tculd/qs09Pt"
xh2jx6bx0j2nrcp9r3mnc0000gn/T/rust_mozprofileeE2gJx"
console.warn: services.settings: Ignoring preference override of remote settings server
console.warn: services.settings: Allow by setting MOZ_REMOTE_SETTINGS_DEVTOOLS=1 in the environment
console.warn: services.settings: Ignoring preference override of remote settings server
console.warn: services.settings: Allow by setting MOZ_REMOTE_SETTINGS_DEVTOOLS=1 in the environment
console.warn: services.settings: Ignoring preference override of remote settings server
console.warn: services.settings: Allow by setting MOZ_REMOTE_SETTINGS_DEVTOOLS=1 in the environment
console.warn: services.settings: Ignoring preference override of remote settings server
console.warn: services.settings: Allow by setting MOZ_REMOTE_SETTINGS_DEVTOOLS=1 in the environment
1677855039329	Marionette	INFO	Marionette enabled
1677855039329	Marionette	INFO	Marionette enabled
1677855039342	Marionette	INFO	Marionette enabled
1677855039350	Marionette	INFO	Marionette enabled
1677855039440	Marionette	INFO	Listening on port 53546
1677855039458	Marionette	INFO	Listening on port 53547
console.error: "Warning: unrecognized command line flag -remote-allow-hosts\n"
console.error: "Warning: unrecognized command line flag -remote-allow-origins\n"
console.error: "Warning: unrecognized command line flag -remote-allow-hosts\n"
console.error: "Warning: unrecognized command line flag -remote-allow-origins\n"
WebDriver BiDi listening on ws://127.0.0.1:4935
Read port: 53547
Read port: 53546
1677855039619	Marionette	INFO	Listening on port 53550
Read port: 53550
1677855039634	Marionette	INFO	Listening on port 53552
console.error: "Warning: unrecognized command line flag -remote-allow-hosts\n"
console.error: "Warning: unrecognized command line flag -remote-allow-origins\n"
console.error: "Warning: unrecognized command line flag -remote-allow-hosts\n"
console.error: "Warning: unrecognized command line flag -remote-allow-origins\n"
WebDriver BiDi listening on ws://127.0.0.1:43201
WebDriver BiDi listening on ws://127.0.0.1:6168
WebDriver BiDi listening on ws://127.0.0.1:3325
1677855039723	RemoteAgent	WARN	TLS certificate errors will be ignored for this session
Read port: 53552
1677855039729	RemoteAgent	WARN	TLS certificate errors will be ignored for this session
1677855039766	RemoteAgent	WARN	TLS certificate errors will be ignored for this session
1677855039846	RemoteAgent	WARN	TLS certificate errors will be ignored for this session
console.warn: SearchSettings: "get: No settings file exists, new profile?" (new NotFoundError("Could not open the file at /var/folders/cl/s9txh2jx6bx0j2nrcp9r3mnc0000gn/T/rust_mozprofileeE2gJx/search.json.mozlz4", (void 0)))
console.warn: SearchSettings: "get: No settings file exists, new profile?" (new NotFoundError("Could not open the file at /var/folders/cl/s9txh2jx6bx0j2nrcp9r3mnc0000gn/T/rust_mozprofileTudq0P/search.json.mozlz4", (void 0)))
console.warn: SearchSettings: "get: No settings file exists, new profile?" (new NotFoundError("Could not open the file at /var/folders/cl/s9txh2jx6bx0j2nrcp9r3mnc0000gn/T/rust_mozprofileiiHt8H/search.json.mozlz4", (void 0)))
console.warn: SearchSettings: "get: No settings file exists, new profile?" (new NotFoundError("Could not open the file at /var/folders/cl/s9txh2jx6bx0j2nrcp9r3mnc0000gn/T/rust_mozprofileVJWPnK/search.json.mozlz4", (void 0)))
DevTools listening on ws://127.0.0.1:6168/devtools/browser/98ac116c-44bd-4aed-9331-1fa4508d3e21
DevTools listening on ws://127.0.0.1:4935/devtools/browser/53c6c3bb-b1a5-4f34-8ac3-edcdbca5fdc0
DevTools listening on ws://127.0.0.1:43201/devtools/browser/6339f124-18bd-47bf-a01a-46cdccdd9041
DevTools listening on ws://127.0.0.1:3325/devtools/browser/f3b71df1-6477-4efa-8f39-49611c9e6514
console.warn: LoginRecipes: "Falling back to a synchronous message for: https://www.saucedemo.com."
console.warn: LoginRecipes: "Falling back to a synchronous message for: https://www.saucedemo.com."
console.warn: LoginRecipes: "Falling back to a synchronous message for: https://www.saucedemo.com."
console.warn: LoginRecipes: "Falling back to a synchronous message for: https://www.saucedemo.com."
console.warn: LoginRecipes: "Falling back to a synchronous message for: https://www.saucedemo.com."
]]></system-err>
  </testcase>
  <testcase name="productsSelect" classname="swagLabsPagesTests.SwagLabsPositiveTest" time="0.851">
    <system-err><![CDATA[1677855047931	RemoteAgent	INFO	Perform WebSocket upgrade for incoming connection from 127.0.0.1:53881
1677855047933	CDP	ERROR	Invalid browser preferences for CDP. Set "fission.webContentIsolationStrategy"to 0 and "fission.bfcacheInParent" to false before Firefox starts.
1677855047936	Marionette	INFO	Stopped listening on port 53738
JavaScript error: resource://services-settings/Utils.jsm, line 237: TypeError: NetworkError: Network request failed
console.warn: LoginRecipes: "Falling back to a synchronous message for: https://www.saucedemo.com."
console.warn: SearchSettings: "get: No settings file exists, new profile?" (new NotFoundError("Could not open the file at /var/folders/cl/s9txh2jx6bx0j2nrcp9r3mnc0000gn/T/rust_mozprofileYu08Py/search.json.mozlz4", (void 0)))
console.warn: LoginRecipes: "Falling back to a synchronous message for: https://www.saucedemo.com."
JavaScript error: resource://services-settings/Utils.jsm, line 237: TypeError: NetworkError: Network request failed
DevTools listening on ws://127.0.0.1:21977/devtools/browser/54f87634-9d4f-41e7-8f9f-43a94f4868cc
]]></system-err>
  </testcase>
  <testcase name="userTest[standard_user, secret_sauce](1)" classname="swagLabsPagesTests.SwagLabsNegativeTest" time="0.13"/>
  <testcase name="userTest[locked_out_user, secret_sauce](2)" classname="swagLabsPagesTests.SwagLabsNegativeTest" time="0.027">
    <system-err><![CDATA[1677855044802	RemoteAgent	INFO	Perform WebSocket upgrade for incoming connection from 127.0.0.1:53741
1677855044803	CDP	ERROR	Invalid browser preferences for CDP. Set "fission.webContentIsolationStrategy"to 0 and "fission.bfcacheInParent" to false before Firefox starts.
1677855044808	Marionette	INFO	Stopped listening on port 53547
1677855044827	Marionette	INFO	Listening on port 53742
1677855044863	Marionette	INFO	Listening on port 53743
console.error: "Warning: unrecognized command line flag -remote-allow-hosts\n"
console.error: "Warning: unrecognized command line flag -remote-allow-origins\n"
console.error: "Warning: unrecognized command line flag -remote-allow-hosts\n"
console.error: "Warning: unrecognized command line flag -remote-allow-origins\n"
Read port: 53743
WebDriver BiDi listening on ws://127.0.0.1:17865
Read port: 53742
WebDriver BiDi listening on ws://127.0.0.1:35782
1677855044972	RemoteAgent	WARN	TLS certificate errors will be ignored for this session
1677855044998	RemoteAgent	WARN	TLS certificate errors will be ignored for this session
console.warn: SearchSettings: "get: No settings file exists, new profile?" (new NotFoundError("Could not open the file at /var/folders/cl/s9txh2jx6bx0j2nrcp9r3mnc0000gn/T/rust_mozprofilejmQKve/search.json.mozlz4", (void 0)))
1677855045525	geckodriver	INFO	Listening on 127.0.0.1:34823
1677855045558	mozrunner::runner	INFO	Running command: "/Applications/Firefox.app/Contents/MacOS/firefox-bin" "--marionette" "--remote-debugging-port" "21977" "--r ... /[::1]:21977/" "-foreground" "-no-remote" "-profile" "/var/folders/cl/s9txh2jx6bx0j2nrcp9r3mnc0000gn/T/rust_mozprofileYu08Py"
console.warn: SearchSettings: "get: No settings file exists, new profile?" (new NotFoundError("Could not open the file at /var/folders/cl/s9txh2jx6bx0j2nrcp9r3mnc0000gn/T/rust_mozprofilewlbJzL/search.json.mozlz4", (void 0)))
console.warn: services.settings: Ignoring preference override of remote settings server
console.warn: services.settings: Allow by setting MOZ_REMOTE_SETTINGS_DEVTOOLS=1 in the environment
DevTools listening on ws://127.0.0.1:36672/devtools/browser/5fcf593e-6aad-4625-bbbc-cb39a09f0a04
console.warn: SearchSettings: "get: No settings file exists, new profile?" (new NotFoundError("Could not open the file at /var/folders/cl/s9txh2jx6bx0j2nrcp9r3mnc0000gn/T/rust_mozprofilePDxadT/search.json.mozlz4", (void 0)))
1677855046060	Marionette	INFO	Marionette enabled
DevTools listening on ws://127.0.0.1:17865/devtools/browser/6e8a0ce9-e358-4b3f-8ad2-37b3239207fc
1677855046460	Marionette	INFO	Listening on port 53803
console.error: "Warning: unrecognized command line flag -remote-allow-hosts\n"
console.error: "Warning: unrecognized command line flag -remote-allow-origins\n"
Read port: 53803
DevTools listening on ws://127.0.0.1:35782/devtools/browser/4135ca9e-cc75-48a9-8003-42a28041e495
WebDriver BiDi listening on ws://127.0.0.1:21977
1677855046860	RemoteAgent	WARN	TLS certificate errors will be ignored for this session
console.warn: LoginRecipes: "Falling back to a synchronous message for: https://www.saucedemo.com."
console.warn: LoginRecipes: "Falling back to a synchronous message for: https://www.saucedemo.com."
console.warn: LoginRecipes: "Falling back to a synchronous message for: https://www.saucedemo.com."
]]></system-err>
  </testcase>
  <testcase name="userTest[problem_user, secret_sauce](3)" classname="swagLabsPagesTests.SwagLabsNegativeTest" time="0.387">
    <system-err><![CDATA[1677855050708	RemoteAgent	INFO	Perform WebSocket upgrade for incoming connection from 127.0.0.1:53941
1677855050709	CDP	ERROR	Invalid browser preferences for CDP. Set "fission.webContentIsolationStrategy"to 0 and "fission.bfcacheInParent" to false before Firefox starts.
1677855050711	Marionette	INFO	Stopped listening on port 53803
DevTools listening on ws://127.0.0.1:9906/devtools/browser/f85d1040-78b8-4a74-8155-efb35246c192
1677855051197	geckodriver	INFO	Listening on 127.0.0.1:13094
1677855051249	mozrunner::runner	INFO	Running command: "/Applications/Firefox.app/Contents/MacOS/firefox-bin" "--marionette" "--remote-debugging-port" "13915" "--r ... /[::1]:13915/" "-foreground" "-no-remote" "-profile" "/var/folders/cl/s9txh2jx6bx0j2nrcp9r3mnc0000gn/T/rust_mozprofilesmJdlJ"
console.warn: services.settings: Ignoring preference override of remote settings server
console.warn: services.settings: Allow by setting MOZ_REMOTE_SETTINGS_DEVTOOLS=1 in the environment
console.warn: LoginRecipes: "Falling back to a synchronous message for: https://www.saucedemo.com."
console.warn: LoginRecipes: "Falling back to a synchronous message for: https://www.saucedemo.com."
1677855051630	Marionette	INFO	Marionette enabled
]]></system-err>
  </testcase>
  <testcase name="userTest[performance_glitch_user, secret_sauce](4)" classname="swagLabsPagesTests.SwagLabsNegativeTest" time="5.374">
    <system-err><![CDATA[1677855054189	RemoteAgent	INFO	Perform WebSocket upgrade for incoming connection from 127.0.0.1:54038
1677855054190	CDP	ERROR	Invalid browser preferences for CDP. Set "fission.webContentIsolationStrategy"to 0 and "fission.bfcacheInParent" to false before Firefox starts.
1677855054191	Marionette	INFO	Stopped listening on port 53978
DevTools listening on ws://127.0.0.1:1100/devtools/browser/008a9a1d-8913-46bc-aa89-476d226d8748
console.warn: LoginRecipes: "Falling back to a synchronous message for: https://www.saucedemo.com."
console.warn: LoginRecipes: "Falling back to a synchronous message for: https://www.saucedemo.com."
]]></system-err>
  </testcase>
  <testcase name="loginErrorValidation" classname="swagLabsPagesTests.ErrorValidationsTest" time="0.401">
    <system-err><![CDATA[1677855042953	RemoteAgent	INFO	Perform WebSocket upgrade for incoming connection from 127.0.0.1:53720
1677855042956	CDP	ERROR	Invalid browser preferences for CDP. Set "fission.webContentIsolationStrategy"to 0 and "fission.bfcacheInParent" to false before Firefox starts.
1677855042954	RemoteAgent	INFO	Perform WebSocket upgrade for incoming connection from 127.0.0.1:53721
1677855042957	CDP	ERROR	Invalid browser preferences for CDP. Set "fission.webContentIsolationStrategy"to 0 and "fission.bfcacheInParent" to false before Firefox starts.
1677855042994	Marionette	INFO	Stopped listening on port 53552
1677855042995	Marionette	INFO	Stopped listening on port 53550
console.warn: LoginRecipes: "Falling back to a synchronous message for: https://www.saucedemo.com."
console.warn: LoginRecipes: "Falling back to a synchronous message for: https://www.saucedemo.com."
JavaScript error: resource://gre/modules/UrlClassifierListManager.jsm, line 693: TypeError: this.tablesData[table] is undefined
JavaScript error: resource://services-settings/Utils.jsm, line 237: TypeError: NetworkError: Network request failed
]]></system-err>
  </testcase>
  <testcase name="productErrorValidation" classname="swagLabsPagesTests.ErrorValidationsTest" time="0.172">
    <system-err><![CDATA[1677855047789	RemoteAgent	INFO	Perform WebSocket upgrade for incoming connection from 127.0.0.1:53877
1677855047792	CDP	ERROR	Invalid browser preferences for CDP. Set "fission.webContentIsolationStrategy"to 0 and "fission.bfcacheInParent" to false before Firefox starts.
1677855047803	Marionette	INFO	Stopped listening on port 53742
JavaScript error: resource://gre/modules/UrlClassifierListManager.jsm, line 693: TypeError: this.tablesData[table] is undefined
]]></system-err>
  </testcase>
  <testcase name="submitOrder[{name=standard_user, pass=secret_sauce, product=Fleece Jacket}](1)" classname="swagLabsPagesTests.SwagLabsStandAlonPracticeTest" time="1.984">
    <system-err><![CDATA[1677855043225	RemoteAgent	INFO	Perform WebSocket upgrade for incoming connection from 127.0.0.1:53727
1677855043227	CDP	ERROR	Invalid browser preferences for CDP. Set "fission.webContentIsolationStrategy"to 0 and "fission.bfcacheInParent" to false before Firefox starts.
1677855043235	Marionette	INFO	Stopped listening on port 53546
JavaScript error: resource://services-settings/Utils.jsm, line 237: TypeError: NetworkError: Network request failed
JavaScript error: resource://services-settings/Utils.jsm, line 237: TypeError: NetworkError: Network request failed
1677855043959	geckodriver	INFO	Listening on 127.0.0.1:48218
1677855044011	mozrunner::runner	INFO	Running command: "/Applications/Firefox.app/Contents/MacOS/firefox-bin" "--marionette" "--remote-debugging-port" "36672" "--r ... /[::1]:36672/" "-foreground" "-no-remote" "-profile" "/var/folders/cl/s9txh2jx6bx0j2nrcp9r3mnc0000gn/T/rust_mozprofilejmQKve"
1677855044128	geckodriver	INFO	Listening on 127.0.0.1:1930
1677855044129	geckodriver	INFO	Listening on 127.0.0.1:37380
console.warn: services.settings: Ignoring preference override of remote settings server
console.warn: services.settings: Allow by setting MOZ_REMOTE_SETTINGS_DEVTOOLS=1 in the environment
1677855044187	mozrunner::runner	INFO	Running command: "/Applications/Firefox.app/Contents/MacOS/firefox-bin" "--marionette" "--remote-debugging-port" "35782" "--r ... /[::1]:35782/" "-foreground" "-no-remote" "-profile" "/var/folders/cl/s9txh2jx6bx0j2nrcp9r3mnc0000gn/T/rust_mozprofilePDxadT"
1677855044187	mozrunner::runner	INFO	Running command: "/Applications/Firefox.app/Contents/MacOS/firefox-bin" "--marionette" "--remote-debugging-port" "17865" "--r ... /[::1]:17865/" "-foreground" "-no-remote" "-profile" "/var/folders/cl/s9txh2jx6bx0j2nrcp9r3mnc0000gn/T/rust_mozprofilewlbJzL"
console.warn: services.settings: Ignoring preference override of remote settings server
console.warn: services.settings: Allow by setting MOZ_REMOTE_SETTINGS_DEVTOOLS=1 in the environment
console.warn: services.settings: Ignoring preference override of remote settings server
console.warn: services.settings: Allow by setting MOZ_REMOTE_SETTINGS_DEVTOOLS=1 in the environment
1677855044391	Marionette	INFO	Marionette enabled
1677855044479	Marionette	INFO	Listening on port 53738
console.error: "Warning: unrecognized command line flag -remote-allow-hosts\n"
console.error: "Warning: unrecognized command line flag -remote-allow-origins\n"
Read port: 53738
1677855044609	Marionette	INFO	Marionette enabled
1677855044609	Marionette	INFO	Marionette enabled
WebDriver BiDi listening on ws://127.0.0.1:36672
1677855044645	RemoteAgent	WARN	TLS certificate errors will be ignored for this session
]]></system-err>
  </testcase>
  <testcase name="submitOrder[{name=standard_user, pass=secret_sauce, product=Bolt T-Shirt}](2)" classname="swagLabsPagesTests.SwagLabsStandAlonPracticeTest" time="1.628">
    <system-err><![CDATA[1677855048614	RemoteAgent	INFO	Perform WebSocket upgrade for incoming connection from 127.0.0.1:53899
1677855048616	CDP	ERROR	Invalid browser preferences for CDP. Set "fission.webContentIsolationStrategy"to 0 and "fission.bfcacheInParent" to false before Firefox starts.
1677855048619	Marionette	INFO	Stopped listening on port 53743
JavaScript error: resource://services-settings/Utils.jsm, line 237: TypeError: NetworkError: Network request failed
1677855048833	geckodriver	INFO	Listening on 127.0.0.1:23043
1677855048928	mozrunner::runner	INFO	Running command: "/Applications/Firefox.app/Contents/MacOS/firefox-bin" "--marionette" "--remote-debugging-port" "9906" "--re ... //[::1]:9906/" "-foreground" "-no-remote" "-profile" "/var/folders/cl/s9txh2jx6bx0j2nrcp9r3mnc0000gn/T/rust_mozprofilexJZe3Y"
console.warn: services.settings: Ignoring preference override of remote settings server
console.warn: services.settings: Allow by setting MOZ_REMOTE_SETTINGS_DEVTOOLS=1 in the environment
console.warn: LoginRecipes: "Falling back to a synchronous message for: https://www.saucedemo.com."
console.warn: LoginRecipes: "Falling back to a synchronous message for: https://www.saucedemo.com."
1677855049352	Marionette	INFO	Marionette enabled
1677855049525	Marionette	INFO	Listening on port 53927
Read port: 53927
console.error: "Warning: unrecognized command line flag -remote-allow-hosts\n"
console.error: "Warning: unrecognized command line flag -remote-allow-origins\n"
WebDriver BiDi listening on ws://127.0.0.1:9906
1677855049624	RemoteAgent	WARN	TLS certificate errors will be ignored for this session
console.warn: SearchSettings: "get: No settings file exists, new profile?" (new NotFoundError("Could not open the file at /var/folders/cl/s9txh2jx6bx0j2nrcp9r3mnc0000gn/T/rust_mozprofilexJZe3Y/search.json.mozlz4", (void 0)))
]]></system-err>
  </testcase>
  <testcase name="orderHistory" classname="swagLabsPagesTests.SwagLabsStandAlonPracticeTest" time="0.878">
    <system-err><![CDATA[1677855051657	RemoteAgent	INFO	Perform WebSocket upgrade for incoming connection from 127.0.0.1:53977
1677855051660	CDP	ERROR	Invalid browser preferences for CDP. Set "fission.webContentIsolationStrategy"to 0 and "fission.bfcacheInParent" to false before Firefox starts.
1677855051661	Marionette	INFO	Stopped listening on port 53927
1677855051717	Marionette	INFO	Listening on port 53978
JavaScript error: resource://services-settings/Utils.jsm, line 237: TypeError: NetworkError: Network request failed
console.error: "Warning: unrecognized command line flag -remote-allow-hosts\n"
console.error: "Warning: unrecognized command line flag -remote-allow-origins\n"
Read port: 53978
WebDriver BiDi listening on ws://127.0.0.1:13915
1677855051847	RemoteAgent	WARN	TLS certificate errors will be ignored for this session
console.warn: SearchSettings: "get: No settings file exists, new profile?" (new NotFoundError("Could not open the file at /var/folders/cl/s9txh2jx6bx0j2nrcp9r3mnc0000gn/T/rust_mozprofilesmJdlJ/search.json.mozlz4", (void 0)))
1677855052563	geckodriver	INFO	Listening on 127.0.0.1:32089
1677855052615	mozrunner::runner	INFO	Running command: "/Applications/Firefox.app/Contents/MacOS/firefox-bin" "--marionette" "--remote-debugging-port" "1100" "--re ... //[::1]:1100/" "-foreground" "-no-remote" "-profile" "/var/folders/cl/s9txh2jx6bx0j2nrcp9r3mnc0000gn/T/rust_mozprofilezwtxIx"
console.warn: services.settings: Ignoring preference override of remote settings server
console.warn: services.settings: Allow by setting MOZ_REMOTE_SETTINGS_DEVTOOLS=1 in the environment
DevTools listening on ws://127.0.0.1:13915/devtools/browser/eed490d2-ae97-400d-9392-88df5792193e
1677855052959	Marionette	INFO	Marionette enabled
1677855053044	Marionette	INFO	Listening on port 54009
console.error: "Warning: unrecognized command line flag -remote-allow-hosts\n"
console.error: "Warning: unrecognized command line flag -remote-allow-origins\n"
Read port: 54009
WebDriver BiDi listening on ws://127.0.0.1:1100
1677855053170	RemoteAgent	WARN	TLS certificate errors will be ignored for this session
console.warn: LoginRecipes: "Falling back to a synchronous message for: https://www.saucedemo.com."
console.warn: LoginRecipes: "Falling back to a synchronous message for: https://www.saucedemo.com."
console.warn: SearchSettings: "get: No settings file exists, new profile?" (new NotFoundError("Could not open the file at /var/folders/cl/s9txh2jx6bx0j2nrcp9r3mnc0000gn/T/rust_mozprofilezwtxIx/search.json.mozlz4", (void 0)))
]]></system-err>
  </testcase>
</testsuite>