<?xml version="1.0" encoding="UTF-8"?>
<!-- Generated by org.testng.reporters.JUnitXMLReporter -->
<testsuite ignored="0" hostname="Abduls-MBP" failures="1" tests="2" name="Test" time="34.19" errors="0" timestamp="2023-03-04T10:43:27 EST">
  <testcase classname="uberPagesTest.PageTest" name="foodOrderPage" time="25.357">
    <failure type="java.lang.NullPointerException" message="Cannot invoke &amp;quot;org.openqa.selenium.WebElement.findElement(org.openqa.selenium.By)&amp;quot; because &amp;quot;selectedCountry&amp;quot; is null">
      <![CDATA[java.lang.NullPointerException: Cannot invoke "org.openqa.selenium.WebElement.findElement(org.openqa.selenium.By)" because "selectedCountry" is null
at uberPages.OrderPage.countrySelect(OrderPage.java:32)
at uberPagesTest.PageTest.foodOrderPage(PageTest.java:42)
at java.base/java.util.ArrayList.forEach(ArrayList.java:1511)
... Removed 31 stack frames]]>
    </failure>
  </testcase> <!-- foodOrderPage -->
  <testcase classname="uberPagesTest.PageTest" name="testDriver" time="2.146"/>
</testsuite> <!-- Test -->
