<?xml version="1.0" encoding="UTF-8"?>
<!-- Generated by org.testng.reporters.JUnitXMLReporter -->
<testsuite ignored="1" hostname="Abduls-MBP" failures="0" tests="2" name="OrderSubmitPageTest" time="35.468" errors="0" timestamp="2023-03-05T10:55:16 EST">
  <testcase classname="basith301PageTest.OrderSubmitPageTest" name="submitOrder" time="7.202"/>
  <testcase classname="basith301PageTest.OrderSubmitPageTest" name="submitOrder" time="7.621"/>
  <testcase classname="basith301PageTest.OrderSubmitPageTest" name="submitOrder2" time="0.0">
    <ignored/>
  </testcase> <!-- submitOrder2 -->
</testsuite> <!-- OrderSubmitPageTest -->
