<?xml version="1.0" encoding="UTF-8"?>
<!-- Generated by org.testng.reporters.JUnitXMLReporter -->
<testsuite ignored="4" hostname="Abduls-MBP" failures="0" tests="1" name="Test" time="25.454" errors="0" timestamp="2021-07-19T19:41:59 EDT">
  <testcase classname="Ups.TestUPS" name="Upslogin" time="13.813"/>
  <testcase classname="Ups.BaseUPS" name="@AfterSuite afterSuite" time="0.0">
    <ignored/>
  </testcase> <!-- @AfterSuite afterSuite -->
  <testcase classname="Ups.BaseUPS" name="@AfterTest afterTest" time="0.0">
    <ignored/>
  </testcase> <!-- @AfterTest afterTest -->
  <testcase classname="Ups.BaseUPS" name="@BeforeSuite beforeSuite" time="0.0">
    <ignored/>
  </testcase> <!-- @BeforeSuite beforeSuite -->
  <testcase classname="Ups.BaseUPS" name="@BeforeTest beforeTest" time="0.0">
    <ignored/>
  </testcase> <!-- @BeforeTest beforeTest -->
</testsuite> <!-- Test -->
