<?xml version="1.0" encoding="UTF-8"?>
<!-- Generated by org.testng.reporters.JUnitXMLReporter -->
<testsuite ignored="4" hostname="Abduls-MBP" failures="0" tests="7" name="Test" time="112.422" errors="0" timestamp="2021-07-23T23:25:41 EDT">
  <testcase classname="OrangeHRA.MyTest" name="test1" time="11.691"/>
  <testcase classname="Ups.TestUPS" name="Upslogin" time="15.125"/>
  <testcase classname="Usps.uspsTest" name="login" time="9.113"/>
  <testcase classname="OrangeHRA.Test1" name="firstTest" time="5.237"/>
  <testcase classname="OrangeHRA.Test1" name="forthTest" time="3.945"/>
  <testcase classname="OrangeHRA.Test1" name="secondTest" time="4.616"/>
  <testcase classname="OrangeHRA.Test1" name="thirdTest" time="3.866"/>
  <testcase classname="OrangeHRA.BaseClass" name="@AfterTest afterTest" time="0.0">
    <ignored/>
  </testcase> <!-- @AfterTest afterTest -->
  <testcase classname="OrangeHRA.BaseClass" name="@AfterSuite afterSuite" time="0.0">
    <ignored/>
  </testcase> <!-- @AfterSuite afterSuite -->
  <testcase classname="OrangeHRA.BaseClass" name="@BeforeTest beforeTest" time="0.0">
    <ignored/>
  </testcase> <!-- @BeforeTest beforeTest -->
  <testcase classname="OrangeHRA.BaseClass" name="@BeforeSuite beforeSuite" time="0.0">
    <ignored/>
  </testcase> <!-- @BeforeSuite beforeSuite -->
</testsuite> <!-- Test -->
